This file contains any messages produced by compilers while
running configure, to aid debugging if configure makes a mistake.

configure:537: checking whether make sets ${MAKE}
configure:566: checking for gcc
configure:643: checking whether the C compiler (gcc  ) works
configure:657: gcc -o conftest    conftest.c  1>&5
configure:677: checking whether the C compiler (gcc  ) is a cross-compiler
configure:682: checking whether we are using GNU C
configure:691: gcc -E conftest.c
configure:706: checking whether gcc accepts -g
configure:734: checking for POSIXized ISC
configure:1018: checking size of unsigned long int
configure:1037: gcc -o conftest -g -O2 -fstrength-reduce -fpcc-struct-return    conftest.c  1>&5
configure:1058: checking for sendmail program
configure:1085: checking for mail spool directory
configure:1168: checking how to run the C preprocessor
configure:1189: gcc -E  conftest.c >/dev/null 2>conftest.out
configure:1229: checking for ANSI C header files
configure:1242: gcc -E  conftest.c >/dev/null 2>conftest.out
configure:1309: gcc -o conftest -g -O2 -fstrength-reduce -fpcc-struct-return    conftest.c  1>&5
configure:1337: checking for dirent.h that defines DIR
configure:1350: gcc -c -g -O2 -fstrength-reduce -fpcc-struct-return   conftest.c 1>&5
configure:1375: checking for opendir in -ldir
configure:1394: gcc -o conftest -g -O2 -fstrength-reduce -fpcc-struct-return    conftest.c -ldir   1>&5
/usr/i486-linux/bin/ld: cannot open -ldir: No such file or directory
collect2: ld returned 1 exit status
configure: failed program was:
#line 1383 "configure"
#include "confdefs.h"
/* Override any gcc2 internal prototype to avoid an error.  */
/* We use char because int might match the return type of a gcc2
    builtin and then its argument prototype would still apply.  */
char opendir();

int main() {
opendir()
; return 0; }
configure:1458: checking for sys/wait.h that is POSIX.1 compatible
configure:1479: gcc -c -g -O2 -fstrength-reduce -fpcc-struct-return   conftest.c 1>&5
configure:1525: checking for prot.h
configure:1535: gcc -E  conftest.c >/dev/null 2>conftest.out
configure:1531: prot.h: No such file or directory
configure: failed program was:
#line 1530 "configure"
#include "confdefs.h"
#include <prot.h>
configure:1525: checking for fcntl.h
configure:1535: gcc -E  conftest.c >/dev/null 2>conftest.out
configure:1525: checking for strings.h
configure:1535: gcc -E  conftest.c >/dev/null 2>conftest.out
configure:1525: checking for sys/param.h
configure:1535: gcc -E  conftest.c >/dev/null 2>conftest.out
configure:1525: checking for sys/file.h
configure:1535: gcc -E  conftest.c >/dev/null 2>conftest.out
configure:1525: checking for sys/security.h
configure:1535: gcc -E  conftest.c >/dev/null 2>conftest.out
configure:1531: sys/security.h: No such file or directory
configure: failed program was:
#line 1530 "configure"
#include "confdefs.h"
#include <sys/security.h>
configure:1525: checking for sys/syslog.h
configure:1535: gcc -E  conftest.c >/dev/null 2>conftest.out
configure:1525: checking for sys/types.h
configure:1535: gcc -E  conftest.c >/dev/null 2>conftest.out
configure:1525: checking for sys/fcntl.h
configure:1535: gcc -E  conftest.c >/dev/null 2>conftest.out
configure:1525: checking for sys/stat.h
configure:1535: gcc -E  conftest.c >/dev/null 2>conftest.out
configure:1525: checking for sys/unistd.h
configure:1535: gcc -E  conftest.c >/dev/null 2>conftest.out
configure:1525: checking for sys/netinet/in.h
configure:1535: gcc -E  conftest.c >/dev/null 2>conftest.out
configure:1531: sys/netinet/in.h: No such file or directory
configure: failed program was:
#line 1530 "configure"
#include "confdefs.h"
#include <sys/netinet/in.h>
configure:1525: checking for syslog.h
configure:1535: gcc -E  conftest.c >/dev/null 2>conftest.out
configure:1525: checking for net/errno.h
configure:1535: gcc -E  conftest.c >/dev/null 2>conftest.out
configure:1531: net/errno.h: No such file or directory
configure: failed program was:
#line 1530 "configure"
#include "confdefs.h"
#include <net/errno.h>
configure:1525: checking for unistd.h
configure:1535: gcc -E  conftest.c >/dev/null 2>conftest.out
configure:1525: checking for netinet/in.h
configure:1535: gcc -E  conftest.c >/dev/null 2>conftest.out
configure:1525: checking for maillock.h
configure:1535: gcc -E  conftest.c >/dev/null 2>conftest.out
configure:1531: maillock.h: No such file or directory
configure: failed program was:
#line 1530 "configure"
#include "confdefs.h"
#include <maillock.h>
configure:1525: checking for ndbm.h
configure:1535: gcc -E  conftest.c >/dev/null 2>conftest.out
configure:1525: checking for gdbm.h
configure:1535: gcc -E  conftest.c >/dev/null 2>conftest.out
configure:1525: checking for dbm.h
configure:1535: gcc -E  conftest.c >/dev/null 2>conftest.out
configure:1525: checking for shadow.h
configure:1535: gcc -E  conftest.c >/dev/null 2>conftest.out
configure:1564: checking for t_accept in -lnsl
configure:1583: gcc -o conftest -g -O2 -fstrength-reduce -fpcc-struct-return    conftest.c -lnsl   1>&5
/tmp/ccLForDr.o: In function `main':
/root/qpopper2.53/configure:1579: undefined reference to `t_accept'
collect2: ld returned 1 exit status
configure: failed program was:
#line 1572 "configure"
#include "confdefs.h"
/* Override any gcc2 internal prototype to avoid an error.  */
/* We use char because int might match the return type of a gcc2
    builtin and then its argument prototype would still apply.  */
char t_accept();

int main() {
t_accept()
; return 0; }
configure:1604: checking for socket in -lsocket
configure:1623: gcc -o conftest -g -O2 -fstrength-reduce -fpcc-struct-return    conftest.c -lsocket   1>&5
/usr/i486-linux/bin/ld: cannot open -lsocket: No such file or directory
collect2: ld returned 1 exit status
configure: failed program was:
#line 1612 "configure"
#include "confdefs.h"
/* Override any gcc2 internal prototype to avoid an error.  */
/* We use char because int might match the return type of a gcc2
    builtin and then its argument prototype would still apply.  */
char socket();

int main() {
socket()
; return 0; }
configure:1644: checking for res_init in -lresolv
configure:1663: gcc -o conftest -g -O2 -fstrength-reduce -fpcc-struct-return    conftest.c -lresolv   1>&5
configure:1684: checking for maillock in -lmail
configure:1703: gcc -o conftest -g -O2 -fstrength-reduce -fpcc-struct-return    conftest.c -lmail   1>&5
/usr/i486-linux/bin/ld: cannot open -lmail: No such file or directory
collect2: ld returned 1 exit status
configure: failed program was:
#line 1692 "configure"
#include "confdefs.h"
/* Override any gcc2 internal prototype to avoid an error.  */
/* We use char because int might match the return type of a gcc2
    builtin and then its argument prototype would still apply.  */
char maillock();

int main() {
maillock()
; return 0; }
configure:1727: checking for krb_recvauth in -lkrb
configure:1746: gcc -o conftest -g -O2 -fstrength-reduce -fpcc-struct-return    conftest.c -lkrb   1>&5
/usr/i486-linux/bin/ld: cannot open -lkrb: No such file or directory
collect2: ld returned 1 exit status
configure: failed program was:
#line 1735 "configure"
#include "confdefs.h"
/* Override any gcc2 internal prototype to avoid an error.  */
/* We use char because int might match the return type of a gcc2
    builtin and then its argument prototype would still apply.  */
char krb_recvauth();

int main() {
krb_recvauth()
; return 0; }
configure:1767: checking for dbm_open in -lndbm
configure:1786: gcc -o conftest -g -O2 -fstrength-reduce -fpcc-struct-return    conftest.c -lndbm   1>&5
configure:1807: checking for dbm_open in -ldbm
configure:1826: gcc -o conftest -g -O2 -fstrength-reduce -fpcc-struct-return    conftest.c -ldbm   1>&5
/usr/i486-linux/bin/ld: cannot open -ldbm: No such file or directory
collect2: ld returned 1 exit status
configure: failed program was:
#line 1815 "configure"
#include "confdefs.h"
/* Override any gcc2 internal prototype to avoid an error.  */
/* We use char because int might match the return type of a gcc2
    builtin and then its argument prototype would still apply.  */
char dbm_open();

int main() {
dbm_open()
; return 0; }
configure:1847: checking for gdbm_open in -lgdbm
configure:1866: gcc -o conftest -g -O2 -fstrength-reduce -fpcc-struct-return    conftest.c -lgdbm   1>&5
configure:1890: checking for set_auth_parameters in -lsecurity
configure:1909: gcc -o conftest -g -O2 -fstrength-reduce -fpcc-struct-return    conftest.c -lsecurity   1>&5
/usr/i486-linux/bin/ld: cannot open -lsecurity: No such file or directory
collect2: ld returned 1 exit status
configure: failed program was:
#line 1898 "configure"
#include "confdefs.h"
/* Override any gcc2 internal prototype to avoid an error.  */
/* We use char because int might match the return type of a gcc2
    builtin and then its argument prototype would still apply.  */
char set_auth_parameters();

int main() {
set_auth_parameters()
; return 0; }
configure:1930: checking for crypt in -lcrypt
configure:1949: gcc -o conftest -g -O2 -fstrength-reduce -fpcc-struct-return    conftest.c -lcrypt   1>&5
configure:1970: checking for pw_encrypt in -lshadow
configure:1989: gcc -o conftest -g -O2 -fstrength-reduce -fpcc-struct-return    conftest.c -lshadow   -lcrypt 1>&5
/usr/i486-linux/bin/ld: cannot open -lshadow: No such file or directory
collect2: ld returned 1 exit status
configure: failed program was:
#line 1978 "configure"
#include "confdefs.h"
/* Override any gcc2 internal prototype to avoid an error.  */
/* We use char because int might match the return type of a gcc2
    builtin and then its argument prototype would still apply.  */
char pw_encrypt();

int main() {
pw_encrypt()
; return 0; }
configure:2017: checking for working const
configure:2071: gcc -c -g -O2 -fstrength-reduce -fpcc-struct-return   conftest.c 1>&5
configure:2092: checking for uid_t in sys/types.h
configure:2126: checking for off_t
configure:2159: checking for size_t
configure:2192: checking for sys_siglist declaration in signal.h or unistd.h
configure:2209: gcc -c -g -O2 -fstrength-reduce -fpcc-struct-return   conftest.c 1>&5
configure: In function `main':
configure:2205: warning: initialization discards `const' from pointer target type
configure:2231: checking return type of signal handlers
configure:2253: gcc -c -g -O2 -fstrength-reduce -fpcc-struct-return   conftest.c 1>&5
configure:2272: checking for vprintf
configure:2300: gcc -o conftest -g -O2 -fstrength-reduce -fpcc-struct-return    conftest.c  -lcrypt 1>&5
configure:2390: checking for gethostname
configure:2418: gcc -o conftest -g -O2 -fstrength-reduce -fpcc-struct-return    conftest.c  -lcrypt 1>&5
configure:2390: checking for getusershell
configure:2418: gcc -o conftest -g -O2 -fstrength-reduce -fpcc-struct-return    conftest.c  -lcrypt 1>&5
configure:2390: checking for strdup
configure:2418: gcc -o conftest -g -O2 -fstrength-reduce -fpcc-struct-return    conftest.c  -lcrypt 1>&5
configure:2390: checking for strerror
configure:2418: gcc -o conftest -g -O2 -fstrength-reduce -fpcc-struct-return    conftest.c  -lcrypt 1>&5
configure:2390: checking for bcopy
configure:2418: gcc -o conftest -g -O2 -fstrength-reduce -fpcc-struct-return    conftest.c  -lcrypt 1>&5
configure:2390: checking for index
configure:2418: gcc -o conftest -g -O2 -fstrength-reduce -fpcc-struct-return    conftest.c  -lcrypt 1>&5
configure:2390: checking for flock
configure:2418: gcc -o conftest -g -O2 -fstrength-reduce -fpcc-struct-return    conftest.c  -lcrypt 1>&5
configure:2390: checking for set_auth_parameters
configure:2418: gcc -o conftest -g -O2 -fstrength-reduce -fpcc-struct-return    conftest.c  -lcrypt 1>&5
/tmp/ccqhxjlP.o: In function `main':
/root/qpopper2.53/configure:2412: undefined reference to `set_auth_parameters'
collect2: ld returned 1 exit status
configure: failed program was:
#line 2395 "configure"
#include "confdefs.h"
/* System header to define __stub macros and hopefully few prototypes,
    which can conflict with char set_auth_parameters(); below.  */
#include <assert.h>
/* Override any gcc2 internal prototype to avoid an error.  */
/* We use char because int might match the return type of a gcc2
    builtin and then its argument prototype would still apply.  */
char set_auth_parameters();

int main() {

/* The GNU C library defines this for functions which it implements
    to always fail with ENOSYS.  Some functions are actually named
    something starting with __ and the normal name is an alias.  */
#if defined (__stub_set_auth_parameters) || defined (__stub___set_auth_parameters)
choke me
#else
set_auth_parameters();
#endif

; return 0; }
configure:2390: checking for pw_encrypt
configure:2418: gcc -o conftest -g -O2 -fstrength-reduce -fpcc-struct-return    conftest.c  -lcrypt 1>&5
/tmp/ccZuilQ5.o: In function `main':
/root/qpopper2.53/configure:2412: undefined reference to `pw_encrypt'
collect2: ld returned 1 exit status
configure: failed program was:
#line 2395 "configure"
#include "confdefs.h"
/* System header to define __stub macros and hopefully few prototypes,
    which can conflict with char pw_encrypt(); below.  */
#include <assert.h>
/* Override any gcc2 internal prototype to avoid an error.  */
/* We use char because int might match the return type of a gcc2
    builtin and then its argument prototype would still apply.  */
char pw_encrypt();

int main() {

/* The GNU C library defines this for functions which it implements
    to always fail with ENOSYS.  Some functions are actually named
    something starting with __ and the normal name is an alias.  */
#if defined (__stub_pw_encrypt) || defined (__stub___pw_encrypt)
choke me
#else
pw_encrypt();
#endif

; return 0; }
configure:2390: checking for ftruncate
configure:2418: gcc -o conftest -g -O2 -fstrength-reduce -fpcc-struct-return    conftest.c  -lcrypt 1>&5
